<?xml version="1.0" encoding="UTF-8"?>
<!-- Generated by org.testng.reporters.JUnitReportReporter -->
<testsuite hostname="Kunal" failures="0" tests="6" name="testCases.TC003_LoginDDT" time="52.016" errors="0" timestamp="2025-12-23T22:50:08 IST" skipped="0">
  <testcase classname="testCases.TC003_LoginDDT" name="verify_loginDDT" time="5.348"/>
  <testcase classname="testCases.TC003_LoginDDT" name="verify_loginDDT" time="5.365"/>
  <testcase classname="testCases.TC003_LoginDDT" name="verify_loginDDT" time="14.900"/>
  <testcase classname="testCases.TC003_LoginDDT" name="verify_loginDDT" time="14.759"/>
  <testcase classname="testCases.TC003_LoginDDT" name="verify_loginDDT" time="5.722"/>
  <testcase classname="testCases.TC003_LoginDDT" name="verify_loginDDT" time="5.922"/>
</testsuite> <!-- testCases.TC003_LoginDDT -->
